<?xml version="1.0" encoding="UTF-8"?>
<robot generator="Robot 3.1.2 (Python 3.8.0 on darwin)" generated="20210504 19:05:48.937" rpa="false">
<suite id="s1" name="Automate Api" source="/Users/panidaonprasert/Documents/QA_Assignment/TestCases/automate_api.robot">
<test id="s1-t1" name="TC001 Verify response api">
<kw name="Post request api" library="api_keywords">
<arguments>
<arg>${request_data}</arg>
</arguments>
<assign>
<var>${request}</var>
</assign>
<kw name="Create Session" library="RequestsLibrary">
<doc>Create Session: create a HTTP session to a server</doc>
<arguments>
<arg>test</arg>
<arg>${request_host}</arg>
</arguments>
<msg timestamp="20210504 19:05:49.113" level="INFO">Creating Session using : alias=test, url=https://api.getpostman.com, headers={},                     cookies=None, auth=None, timeout=None, proxies=None, verify=False,                     debug=0 </msg>
<status status="PASS" starttime="20210504 19:05:49.113" endtime="20210504 19:05:49.113"></status>
</kw>
<kw name="Create Dictionary" library="BuiltIn">
<doc>Creates and returns a dictionary based on the given ``items``.</doc>
<arguments>
<arg>Content-Type=${headers}[Content-Type]</arg>
<arg>X-API-Key=${headers}[X-API-Key]</arg>
</arguments>
<assign>
<var>${headers}</var>
</assign>
<msg timestamp="20210504 19:05:49.114" level="INFO">${headers} = {'Content-Type': 'application/json', 'X-API-Key': 'PMAK-60912ba12e1a4c0046455c2b-f9f29d8e317b35744722fd50b82d1ba23d'}</msg>
<status status="PASS" starttime="20210504 19:05:49.113" endtime="20210504 19:05:49.114"></status>
</kw>
<kw name="Post Request" library="RequestsLibrary">
<doc>Send a POST request on the session object found using the
given `alias`</doc>
<arguments>
<arg>test</arg>
<arg>/collections</arg>
<arg>headers=${headers}</arg>
<arg>data=${body}</arg>
</arguments>
<assign>
<var>${api response}</var>
</assign>
<msg timestamp="20210504 19:05:50.904" level="INFO">Post Request using : alias=test, uri=/collections, data={"collection": {"info": {"name": "Sample Collection", "description": "This is just a sample collection.", "schema": "https://schema.getpostman.com/json/collection/v2.1.0/collection.json"}, "item": [{"name": "This is a folder", "item": [{"name": "Sample POST Request", "request": {"url": "https://postman-echo.com/post", "method": "POST", "header": [{"key": "Content-Type", "value": "application/json"}], "body": {"mode": "raw", "raw": "{\"data\": \"123\"}"}, "description": "This is a sample POST Request"}}]}, {"name": "Sample GET Request", "request": {"url": "https://postman-echo/get", "method": "GET", "description": "This is a sample GET Request"}}]}}, headers={'Content-Type': 'application/json', 'X-API-Key': 'PMAK-60912ba12e1a4c0046455c2b-f9f29d8e317b35744722fd50b82d1ba23d'}, files=None, allow_redirects=True </msg>
<msg timestamp="20210504 19:05:50.904" level="INFO">/Users/panidaonprasert/.virtualenvs/stbtest/lib/python3.8/site-packages/urllib3/connectionpool.py:846: InsecureRequestWarning: Unverified HTTPS request is being made. Adding certificate verification is strongly advised. See: https://urllib3.readthedocs.io/en/latest/advanced-usage.html#ssl-warnings
  warnings.warn((</msg>
<msg timestamp="20210504 19:05:50.904" level="INFO">${api response} = &lt;Response [200]&gt;</msg>
<status status="PASS" starttime="20210504 19:05:49.114" endtime="20210504 19:05:50.904"></status>
</kw>
<kw name="Verify http status code" library="api_keywords">
<doc>Verify http status code, By send response and expected code</doc>
<arguments>
<arg>${api response}</arg>
<arg>200</arg>
</arguments>
<kw name="Set Variable" library="BuiltIn">
<doc>Returns the given values which can then be assigned to a variables.</doc>
<arguments>
<arg>${response.status_code}</arg>
</arguments>
<assign>
<var>${http_code}</var>
</assign>
<msg timestamp="20210504 19:05:50.905" level="INFO">${http_code} = 200</msg>
<status status="PASS" starttime="20210504 19:05:50.905" endtime="20210504 19:05:50.905"></status>
</kw>
<kw name="Convert To Integer" library="BuiltIn">
<doc>Converts the given item to an integer number.</doc>
<arguments>
<arg>${expected_code}</arg>
</arguments>
<assign>
<var>${expected_code}</var>
</assign>
<msg timestamp="20210504 19:05:50.905" level="INFO">${expected_code} = 200</msg>
<status status="PASS" starttime="20210504 19:05:50.905" endtime="20210504 19:05:50.905"></status>
</kw>
<kw name="Should Be Equal" library="BuiltIn">
<doc>Fails if the given objects are unequal.</doc>
<arguments>
<arg>${http_code}</arg>
<arg>${expected_code}</arg>
</arguments>
<status status="PASS" starttime="20210504 19:05:50.906" endtime="20210504 19:05:50.906"></status>
</kw>
<status status="PASS" starttime="20210504 19:05:50.904" endtime="20210504 19:05:50.906"></status>
</kw>
<msg timestamp="20210504 19:05:50.906" level="INFO">${request} = {'collection': {'id': '3362aeb7-5f2c-481a-a652-6050f720bcda', 'name': 'Sample Collection', 'uid': '15649873-3362aeb7-5f2c-481a-a652-6050f720bcda'}}</msg>
<status status="PASS" starttime="20210504 19:05:49.112" endtime="20210504 19:05:50.906"></status>
</kw>
<kw name="Verify response body is not empty" library="api_keywords">
<doc>response is json type, body</doc>
<arguments>
<arg>${request}</arg>
</arguments>
<kw name="Should Not Be Equal" library="BuiltIn">
<doc>Fails if the given objects are equal.</doc>
<arguments>
<arg>${body}</arg>
<arg>${NULL}</arg>
</arguments>
<msg timestamp="20210504 19:05:50.907" level="INFO">Argument types are:
&lt;class 'dict'&gt;
&lt;class 'NoneType'&gt;</msg>
<status status="PASS" starttime="20210504 19:05:50.907" endtime="20210504 19:05:50.907"></status>
</kw>
<status status="PASS" starttime="20210504 19:05:50.906" endtime="20210504 19:05:50.907"></status>
</kw>
<status status="PASS" starttime="20210504 19:05:49.112" endtime="20210504 19:05:50.907" critical="yes"></status>
</test>
<status status="PASS" starttime="20210504 19:05:48.938" endtime="20210504 19:05:50.908"></status>
</suite>
<statistics>
<total>
<stat pass="1" fail="0">Critical Tests</stat>
<stat pass="1" fail="0">All Tests</stat>
</total>
<tag>
</tag>
<suite>
<stat pass="1" fail="0" id="s1" name="Automate Api">Automate Api</stat>
</suite>
</statistics>
<errors>
</errors>
</robot>
